[LOG] System::create                           : Header version = 2.00.09. Current version = 2.00.09.
[LOG] Manager::init                            : maxchannels = 256 studioflags = 00000006 flags 00000000 extradriverdata 0000000000000000.
[LOG] SystemI::init                            : Initialize version=20009 (109255), maxchannels=256, flags=0x00020000
[LOG] SystemI::setOutputInternal               : Setting output to 'FMOD WASAPI Output'
[LOG] OutputWASAPI::init                       : Mix Format (WAVEFORMATEX): wFormatTag=0xFFFE, nChannels=2, nSamplesPerSec=48000, nAvgBytesPerSec=384000, nBlockAlign=8, wBitsPerSample=32, cbSize=22.
[LOG] OutputWASAPI::init                       : Mix Format (WAVEFORMATEXTENSIBLE): wValidBitsPerSample=32, dwChannelMask=0x00000003, SubFormat=00000003-0000-0010-8000-00AA00389B71.
[LOG] OutputWASAPI::init                       : Output buffer size: 4096 samples, latency: 0.00ms, period: 10.00ms, DSP buffer: 1024 * 4
[LOG] Thread::initThread                       : Init FMOD stream thread. Priority: 2, Stack Size: 98304, Semaphore: No, Sleep Time: 10, Looping: Yes.
[LOG] Thread::initThread                       : Init FMOD mixer thread. Priority: 3, Stack Size: 81920, Semaphore: No, Sleep Time: 0, Looping: Yes.
[LOG] AsyncManager::init                       : manager 000001458C6CA328 isAsync 0 updatePeriod 0.02
[LOG] AsyncManager::init                       : done
[LOG] PlaybackSystem::init                     : 
[LOG] Thread::initThread                       : Init FMOD Studio sample load thread. Priority: 0, Stack Size: 98304, Semaphore: No, Sleep Time: 1, Looping: No.
[LOG] PlaybackSystem::init                     : done
[LOG] Thread::initThread                       : Init FMOD Studio bank load thread. Priority: 0, Stack Size: 98304, Semaphore: No, Sleep Time: 1, Looping: No.
[LOG] Manager::init                            : done.
[LOG] Manager::readBank                        : fileversion = 125, compatVersion = 119 (oldest = 44, newest = 125)
[LOG] Manager::readBank                        : fileversion = 125, compatVersion = 119 (oldest = 44, newest = 125)
[LOG] Manager::readBank                        : fileversion = 125, compatVersion = 119 (oldest = 44, newest = 125)
[LOG] PlaybackSystem::acquireMasterBus         : Setting master channel group format to 6
[LOG] SystemI::createSound                     : filename = FMOD Projects\Build\Desktop/Master.bank : mode 02010082
[LOG] SystemI::createSound                     : FMOD_NONBLOCKING specified.  Putting into queue to be opened asynchronously!
[LOG] Thread::initThread                       : Init FMOD nonblocking thread (0). Priority: 1, Stack Size: 114688, Semaphore: Yes, Sleep Time: 0, Looping: Yes.
[LOG] SystemI::createSound                     : setdata soundi = 0000014783FEF498 : node = 0000014783605CD0
[LOG] SystemI::createSound                     : add node to async list : head = 00000145897F40A8.  list count = 0
[LOG] AsyncThread::threadFunc                  : Starting Asynchronous operation on sound 0000014783FEF498
[LOG] SystemI::createSound                     : filename = FMOD Projects\Build\Desktop/Master.bank : mode 02010082
[LOG] SystemI::createSoundInternal             :     Create name='FMOD Projects\Build\Desktop/Master.bank', mode=0x02010082
[LOG] SystemI::createSound                     :     FMOD_NONBLOCKING specified.  Putting into queue to be opened asynchronously!
[LOG] SystemI::createSoundInternal             :     exinfo->cbsize             = 224
[LOG] SystemI::createSound                     :     setdata soundi = 0000014783FEE208 : node = 0000014783606590
[LOG] SystemI::createSoundInternal             :     exinfo->length             = 7403936
[LOG] SystemI::createSound                     :     add node to async list : head = 00000145897F40A8.  list count = 0
[LOG] SystemI::createSoundInternal             :     exinfo->fileoffset         = 27392
[LOG] SystemI::createSoundInternal             :     exinfo->numsubsounds       = 1
[LOG] SystemI::createSound                     :     filename = FMOD Projects\Build\Desktop/Master.bank : mode 02010082
[LOG] SystemI::createSound                     :     FMOD_NONBLOCKING specified.  Putting into queue to be opened asynchronously!
[LOG] SystemI::createSoundInternal             :     exinfo->inclusionlist      = 0000014783605DE0
[LOG] SystemI::createSound                     :     setdata soundi = 0000014783FEEF88 : node = 0000014783607490
[LOG] SystemI::createSoundInternal             :     exinfo->inclusionlistnum   = 1
[LOG] SystemI::createSound                     :     add node to async list : head = 00000145897F40A8.  list count = 1
[LOG] SystemI::createSoundInternal             :     exinfo->suggestedsoundtype = 5
[LOG] SystemI::createSoundInternal             :     exinfo->initialseekpostype = 1
[LOG] SystemI::createSoundInternal             :     Stream 0/1: name='zapsplat_transportation_traffic_pass_close_main_road_town_centre_uk', format=2, channels=2, frequency=48000, lengthbytes=751104, lengthpcm=2954575, pcmblocksize=0, loopstart=0, loopend=0, mode=0x00000000, channelmask=0x00000000, channelorder=0, peakvolume=0.988000.
[LOG] Thread::initThread                       :     Init FMOD file thread. Priority: 1, Stack Size: 49152, Semaphore: No, Sleep Time: 10, Looping: Yes.
[LOG] AsyncThread::threadFunc                  : Finished Asynchronous operation on sound 0000014783FEF498
[LOG] AsyncThread::threadFunc                  : Starting Asynchronous operation on sound 0000014783FEE208
[LOG] SystemI::createSoundInternal             :     Create name='FMOD Projects\Build\Desktop/Master.bank', mode=0x02010082
[LOG] SystemI::createSoundInternal             :     exinfo->cbsize             = 224
[LOG] SystemI::createSoundInternal             :     exinfo->length             = 7403936
[LOG] SystemI::createSoundInternal             :     exinfo->fileoffset         = 27392
[LOG] SystemI::createSoundInternal             :     exinfo->numsubsounds       = 1
[LOG] SystemI::createSoundInternal             :     exinfo->inclusionlist      = 00000147836066A0
[LOG] SystemI::createSoundInternal             :     exinfo->inclusionlistnum   = 1
[LOG] SystemI::createSoundInternal             :     exinfo->suggestedsoundtype = 5
[LOG] SystemI::createSoundInternal             :     exinfo->initialseekpostype = 1
[LOG] SystemI::createSoundInternal             :     Stream 0/1: name='smartsound_ABSTRACT_WIND_Soft_Interior_01 - Trimmed', format=2, channels=2, frequency=48000, lengthbytes=156672, lengthpcm=766817, pcmblocksize=0, loopstart=0, loopend=0, mode=0x00000000, channelmask=0x00000000, channelorder=0, peakvolume=0.181183.
[LOG] AsyncThread::threadFunc                  : Finished Asynchronous operation on sound 0000014783FEE208
[LOG] AsyncThread::threadFunc                  : Starting Asynchronous operation on sound 0000014783FEEF88
[LOG] SystemI::createSoundInternal             :     Create name='FMOD Projects\Build\Desktop/Master.bank', mode=0x02010082
[LOG] SystemI::createSoundInternal             :     exinfo->cbsize             = 224
[LOG] SystemI::createSoundInternal             :     exinfo->length             = 7403936
[LOG] SystemI::createSoundInternal             :     exinfo->fileoffset         = 27392
[LOG] SystemI::createSoundInternal             :     exinfo->numsubsounds       = 1
[LOG] SystemI::createSoundInternal             :     exinfo->inclusionlist      = 00000147836075A0
[LOG] SystemI::createSoundInternal             :     exinfo->inclusionlistnum   = 1
[LOG] SystemI::createSoundInternal             :     exinfo->suggestedsoundtype = 5
[LOG] SystemI::createSoundInternal             :     exinfo->initialseekposition = 573
[LOG] SystemI::createSoundInternal             :     exinfo->initialseekpostype = 1
[LOG] SystemI::createSoundInternal             :     Stream 0/1: name='000zapsplat_brisbane_cbd_queen_street_mall_people_city_all_clock_tower_stikes_15_mins', format=2, channels=2, frequency=48000, lengthbytes=1641888, lengthpcm=6201730, pcmblocksize=0, loopstart=0, loopend=0, mode=0x00000000, channelmask=0x00000000, channelorder=0, peakvolume=0.890549.
[LOG] AsyncThread::threadFunc                  : Finished Asynchronous operation on sound 0000014783FEEF88
[LOG] SoundI::getSubSound                      : sound 0000014783FEF498.  Subsound index 0 / 1
[LOG] SoundI::getSubSound                      : sound 0000014783FEE208.  Subsound index 0 / 1
[LOG] SoundI::getSubSound                      : sound 0000014783FEEF88.  Subsound index 0 / 1
[LOG] SystemI::createSound                     : filename = FMOD Projects\Build\Desktop/Master.bank : mode 02010082
[LOG] SystemI::createSound                     : FMOD_NONBLOCKING specified.  Putting into queue to be opened asynchronously!
[LOG] SystemI::createSound                     : setdata soundi = 000001458C025258 : node = 0000014750D448C0
[LOG] SystemI::createSound                     : add node to async list : head = 00000145897F40A8.  list count = 0
[LOG] AsyncThread::threadFunc                  : Starting Asynchronous operation on sound 000001458C025258
[LOG] SystemI::createSoundInternal             :     Create name='FMOD Projects\Build\Desktop/Master.bank', mode=0x02010082
[LOG] SystemI::createSoundInternal             :     exinfo->cbsize             = 224
[LOG] SystemI::createSoundInternal             :     exinfo->length             = 7403936
[LOG] SystemI::createSoundInternal             :     exinfo->fileoffset         = 27392
[LOG] SystemI::createSoundInternal             :     exinfo->numsubsounds       = 1
[LOG] SystemI::createSoundInternal             :     exinfo->inclusionlist      = 0000014750D449D0
[LOG] SystemI::createSoundInternal             :     exinfo->inclusionlistnum   = 1
[LOG] SystemI::createSoundInternal             :     exinfo->suggestedsoundtype = 5
[LOG] SystemI::createSoundInternal             :     exinfo->initialseekpostype = 1
[LOG] SystemI::createSoundInternal             :     Stream 0/1: name='smartsound_ABSTRACT_WIND_Soft_Interior_01 - Trimmed', format=2, channels=2, frequency=48000, lengthbytes=156672, lengthpcm=766817, pcmblocksize=0, loopstart=0, loopend=0, mode=0x00000000, channelmask=0x00000000, channelorder=0, peakvolume=0.181183.
[LOG] AsyncThread::threadFunc                  : Finished Asynchronous operation on sound 000001458C025258
[LOG] SoundI::getSubSound                      : sound 000001458C025258.  Subsound index 0 / 1
[LOG] SoundI::release                          : smartsound_ABSTRACT_WIND_Soft_Interior_01 - Trimmed (0000014783FEE208)
[LOG] SoundI::release                          :     smartsound_ABSTRACT_WIND_Soft_Interior_01 - Trimmed (00000145897F2078)
[LOG] SoundI::release                          :     smartsound_ABSTRACT_WIND_Soft_Interior_01 - Trimmed (0000014783FEE718)
[LOG] SystemI::createSound                     : filename = FMOD Projects\Build\Desktop/Master.bank : mode 02010082
[LOG] SystemI::createSound                     : FMOD_NONBLOCKING specified.  Putting into queue to be opened asynchronously!
[LOG] SystemI::createSound                     : setdata soundi = 000001458C025408 : node = 0000014750D44B40
[LOG] SystemI::createSound                     : add node to async list : head = 00000145897F40A8.  list count = 0
[LOG] AsyncThread::threadFunc                  : Starting Asynchronous operation on sound 000001458C025408
[LOG] SystemI::createSoundInternal             :     Create name='FMOD Projects\Build\Desktop/Master.bank', mode=0x02010082
[LOG] SystemI::createSoundInternal             :     exinfo->cbsize             = 224
[LOG] SystemI::createSoundInternal             :     exinfo->length             = 7403936
[LOG] SystemI::createSoundInternal             :     exinfo->fileoffset         = 27392
[LOG] SystemI::createSoundInternal             :     exinfo->numsubsounds       = 1
[LOG] SystemI::createSoundInternal             :     exinfo->inclusionlist      = 0000014750D44C50
[LOG] SystemI::createSoundInternal             :     exinfo->inclusionlistnum   = 1
[LOG] SystemI::createSoundInternal             :     exinfo->suggestedsoundtype = 5
[LOG] SystemI::createSoundInternal             :     exinfo->initialseekpostype = 1
[LOG] SystemI::createSoundInternal             :     Stream 0/1: name='smartsound_ABSTRACT_WIND_Soft_Interior_01 - Trimmed', format=2, channels=2, frequency=48000, lengthbytes=156672, lengthpcm=766817, pcmblocksize=0, loopstart=0, loopend=0, mode=0x00000000, channelmask=0x00000000, channelorder=0, peakvolume=0.181183.
[LOG] AsyncThread::threadFunc                  : Finished Asynchronous operation on sound 000001458C025408
[LOG] SoundI::getSubSound                      : sound 000001458C025408.  Subsound index 0 / 1
[LOG] SoundI::release                          : smartsound_ABSTRACT_WIND_Soft_Interior_01 - Trimmed (000001458C025258)
[LOG] SoundI::release                          :     smartsound_ABSTRACT_WIND_Soft_Interior_01 - Trimmed (00000145897F3DB8)
[LOG] SoundI::release                          :     smartsound_ABSTRACT_WIND_Soft_Interior_01 - Trimmed (000001458C025FD8)
[LOG] SystemI::createSound                     : filename = FMOD Projects\Build\Desktop/Master.bank : mode 02010082
[LOG] SystemI::createSound                     : FMOD_NONBLOCKING specified.  Putting into queue to be opened asynchronously!
[LOG] SystemI::createSound                     : setdata soundi = 000001458C025FD8 : node = 0000014750D448C0
[LOG] SystemI::createSound                     : add node to async list : head = 00000145897F40A8.  list count = 0
[LOG] AsyncThread::threadFunc                  : Starting Asynchronous operation on sound 000001458C025FD8
[LOG] SystemI::createSoundInternal             :     Create name='FMOD Projects\Build\Desktop/Master.bank', mode=0x02010082
[LOG] SystemI::createSoundInternal             :     exinfo->cbsize             = 224
[LOG] SystemI::createSoundInternal             :     exinfo->length             = 7403936
[LOG] SystemI::createSoundInternal             :     exinfo->fileoffset         = 27392
[LOG] SystemI::createSoundInternal             :     exinfo->numsubsounds       = 1
[LOG] SystemI::createSoundInternal             :     exinfo->inclusionlist      = 0000014750D449D0
[LOG] SystemI::createSoundInternal             :     exinfo->inclusionlistnum   = 1
[LOG] SystemI::createSoundInternal             :     exinfo->suggestedsoundtype = 5
[LOG] SystemI::createSoundInternal             :     exinfo->initialseekpostype = 1
[LOG] SystemI::createSoundInternal             :     Stream 0/1: name='smartsound_ABSTRACT_WIND_Soft_Interior_01 - Trimmed', format=2, channels=2, frequency=48000, lengthbytes=156672, lengthpcm=766817, pcmblocksize=0, loopstart=0, loopend=0, mode=0x00000000, channelmask=0x00000000, channelorder=0, peakvolume=0.181183.
[LOG] AsyncThread::threadFunc                  : Finished Asynchronous operation on sound 000001458C025FD8
[LOG] SoundI::getSubSound                      : sound 000001458C025FD8.  Subsound index 0 / 1
[LOG] SoundI::release                          : smartsound_ABSTRACT_WIND_Soft_Interior_01 - Trimmed (000001458C025408)
[LOG] SoundI::release                          :     smartsound_ABSTRACT_WIND_Soft_Interior_01 - Trimmed (00000145897F5AF8)
[LOG] SoundI::release                          :     smartsound_ABSTRACT_WIND_Soft_Interior_01 - Trimmed (000001458C0255B8)
[LOG] SystemI::createSound                     : filename = FMOD Projects\Build\Desktop/Master.bank : mode 02010082
[LOG] SystemI::createSound                     : FMOD_NONBLOCKING specified.  Putting into queue to be opened asynchronously!
[LOG] SystemI::createSound                     : setdata soundi = 000001458C025408 : node = 0000014750D44B40
[LOG] SystemI::createSound                     : add node to async list : head = 00000145897F40A8.  list count = 0
[LOG] SystemI::createSound                     : filename = FMOD Projects\Build\Desktop/Master.bank : mode 02010082
[LOG] AsyncThread::threadFunc                  : Starting Asynchronous operation on sound 000001458C025408
[LOG] SystemI::createSound                     : FMOD_NONBLOCKING specified.  Putting into queue to be opened asynchronously!
[LOG] SystemI::createSoundInternal             :     Create name='FMOD Projects\Build\Desktop/Master.bank', mode=0x02010082
[LOG] SystemI::createSound                     :     setdata soundi = 000001458C0255B8 : node = 0000014783606590
[LOG] SystemI::createSoundInternal             :     exinfo->cbsize             = 224
[LOG] SystemI::createSound                     :     add node to async list : head = 00000145897F40A8.  list count = 0
[LOG] SystemI::createSoundInternal             :     exinfo->length             = 7403936
[LOG] SystemI::createSoundInternal             :     exinfo->fileoffset         = 27392
[LOG] SystemI::createSoundInternal             :     exinfo->numsubsounds       = 1
[LOG] SystemI::createSound                     :     filename = FMOD Projects\Build\Desktop/Master.bank : mode 02010082
[LOG] SystemI::createSoundInternal             :     exinfo->inclusionlist      = 0000014750D44C50
[LOG] SystemI::createSound                     :     FMOD_NONBLOCKING specified.  Putting into queue to be opened asynchronously!
[LOG] SystemI::createSoundInternal             :     exinfo->inclusionlistnum   = 1
[LOG] SystemI::createSound                     :     setdata soundi = 000001458C025AC8 : node = 0000014783607350
[LOG] SystemI::createSoundInternal             :     exinfo->suggestedsoundtype = 5
[LOG] SystemI::createSound                     :     add node to async list : head = 00000145897F40A8.  list count = 1
[LOG] SystemI::createSoundInternal             :     exinfo->initialseekpostype = 1
[LOG] SystemI::createSoundInternal             :     Stream 0/1: name='zapsplat_transportation_traffic_pass_close_main_road_town_centre_uk', format=2, channels=2, frequency=48000, lengthbytes=751104, lengthpcm=2954575, pcmblocksize=0, loopstart=0, loopend=0, mode=0x00000000, channelmask=0x00000000, channelorder=0, peakvolume=0.988000.
[LOG] AsyncThread::threadFunc                  : Finished Asynchronous operation on sound 000001458C025408
[LOG] AsyncThread::threadFunc                  : Starting Asynchronous operation on sound 000001458C0255B8
[LOG] SystemI::createSoundInternal             :     Create name='FMOD Projects\Build\Desktop/Master.bank', mode=0x02010082
[LOG] SystemI::createSoundInternal             :     exinfo->cbsize             = 224
[LOG] SystemI::createSoundInternal             :     exinfo->length             = 7403936
[LOG] SystemI::createSoundInternal             :     exinfo->fileoffset         = 27392
[LOG] SystemI::createSoundInternal             :     exinfo->numsubsounds       = 1
[LOG] SystemI::createSoundInternal             :     exinfo->inclusionlist      = 00000147836066A0
[LOG] SystemI::createSoundInternal             :     exinfo->inclusionlistnum   = 1
[LOG] SystemI::createSoundInternal             :     exinfo->suggestedsoundtype = 5
[LOG] SystemI::createSoundInternal             :     exinfo->initialseekpostype = 1
[LOG] SystemI::createSoundInternal             :     Stream 0/1: name='smartsound_ABSTRACT_WIND_Soft_Interior_01 - Trimmed', format=2, channels=2, frequency=48000, lengthbytes=156672, lengthpcm=766817, pcmblocksize=0, loopstart=0, loopend=0, mode=0x00000000, channelmask=0x00000000, channelorder=0, peakvolume=0.181183.
[LOG] AsyncThread::threadFunc                  : Finished Asynchronous operation on sound 000001458C0255B8
[LOG] AsyncThread::threadFunc                  : Starting Asynchronous operation on sound 000001458C025AC8
[LOG] SystemI::createSoundInternal             :     Create name='FMOD Projects\Build\Desktop/Master.bank', mode=0x02010082
[LOG] SystemI::createSoundInternal             :     exinfo->cbsize             = 224
[LOG] SystemI::createSoundInternal             :     exinfo->length             = 7403936
[LOG] SystemI::createSoundInternal             :     exinfo->fileoffset         = 27392
[LOG] SystemI::createSoundInternal             :     exinfo->numsubsounds       = 1
[LOG] SystemI::createSoundInternal             :     exinfo->inclusionlist      = 0000014783607460
[LOG] SystemI::createSoundInternal             :     exinfo->inclusionlistnum   = 1
[LOG] SystemI::createSoundInternal             :     exinfo->suggestedsoundtype = 5
[LOG] SystemI::createSoundInternal             :     exinfo->initialseekposition = 573
[LOG] SystemI::createSoundInternal             :     exinfo->initialseekpostype = 1
[LOG] SystemI::createSoundInternal             :     Stream 0/1: name='000zapsplat_brisbane_cbd_queen_street_mall_people_city_all_clock_tower_stikes_15_mins', format=2, channels=2, frequency=48000, lengthbytes=1641888, lengthpcm=6201730, pcmblocksize=0, loopstart=0, loopend=0, mode=0x00000000, channelmask=0x00000000, channelorder=0, peakvolume=0.890549.
[LOG] AsyncThread::threadFunc                  : Finished Asynchronous operation on sound 000001458C025AC8
[LOG] SoundI::getSubSound                      : sound 000001458C025408.  Subsound index 0 / 1
[LOG] SoundI::getSubSound                      : sound 000001458C0255B8.  Subsound index 0 / 1
[LOG] SoundI::getSubSound                      : sound 000001458C025AC8.  Subsound index 0 / 1
[LOG] SoundI::release                          : zapsplat_transportation_traffic_pass_close_main_road_town_centre_uk (0000014783FEF498)
[LOG] SoundI::release                          :     zapsplat_transportation_traffic_pass_close_main_road_town_centre_uk (00000145897F3A78)
[LOG] SoundI::release                          :     zapsplat_transportation_traffic_pass_close_main_road_town_centre_uk (0000014783FEF648)
[LOG] SoundI::release                          : smartsound_ABSTRACT_WIND_Soft_Interior_01 - Trimmed (000001458C025FD8)
[LOG] SoundI::release                          :     smartsound_ABSTRACT_WIND_Soft_Interior_01 - Trimmed (00000145897F5E38)
[LOG] SoundI::release                          :     smartsound_ABSTRACT_WIND_Soft_Interior_01 - Trimmed (000001458C025258)
[LOG] SoundI::release                          : 000zapsplat_brisbane_cbd_queen_street_mall_people_city_all_clock_tower_stikes_15_mins (0000014783FEEF88)
[LOG] SoundI::release                          :     000zapsplat_brisbane_cbd_queen_street_mall_people_city_all_clock_tower_stikes_15_mins (00000145897F2BD8)
[LOG] SoundI::release                          :     000zapsplat_brisbane_cbd_queen_street_mall_people_city_all_clock_tower_stikes_15_mins (0000014783FEF7F8)
[LOG] SystemI::createSound                     : filename = FMOD Projects\Build\Desktop/Master.bank : mode 02010082
[LOG] SystemI::createSound                     : FMOD_NONBLOCKING specified.  Putting into queue to be opened asynchronously!
[LOG] SystemI::createSound                     : setdata soundi = 000001458752A068 : node = 0000014783607490
[LOG] SystemI::createSound                     : add node to async list : head = 00000145897F40A8.  list count = 0
[LOG] AsyncThread::threadFunc                  : Starting Asynchronous operation on sound 000001458752A068
[LOG] SystemI::createSoundInternal             :     Create name='FMOD Projects\Build\Desktop/Master.bank', mode=0x02010082
[LOG] SystemI::createSoundInternal             :     exinfo->cbsize             = 224
[LOG] SystemI::createSoundInternal             :     exinfo->length             = 7403936
[LOG] SystemI::createSoundInternal             :     exinfo->fileoffset         = 27392
[LOG] SystemI::createSoundInternal             :     exinfo->numsubsounds       = 1
[LOG] SystemI::createSoundInternal             :     exinfo->inclusionlist      = 00000147836075A0
[LOG] SystemI::createSoundInternal             :     exinfo->inclusionlistnum   = 1
[LOG] SystemI::createSoundInternal             :     exinfo->suggestedsoundtype = 5
[LOG] SystemI::createSoundInternal             :     exinfo->initialseekpostype = 1
[LOG] SystemI::createSoundInternal             :     Stream 0/1: name='smartsound_ABSTRACT_WIND_Soft_Interior_01 - Trimmed', format=2, channels=2, frequency=48000, lengthbytes=156672, lengthpcm=766817, pcmblocksize=0, loopstart=0, loopend=0, mode=0x00000000, channelmask=0x00000000, channelorder=0, peakvolume=0.181183.
[LOG] AsyncThread::threadFunc                  : Finished Asynchronous operation on sound 000001458752A068
[LOG] SoundI::getSubSound                      : sound 000001458752A068.  Subsound index 0 / 1
[LOG] SoundI::release                          : smartsound_ABSTRACT_WIND_Soft_Interior_01 - Trimmed (000001458C0255B8)
[LOG] SoundI::release                          :     smartsound_ABSTRACT_WIND_Soft_Interior_01 - Trimmed (00000145897F4298)
[LOG] SoundI::release                          :     smartsound_ABSTRACT_WIND_Soft_Interior_01 - Trimmed (000001458752A578)
[LOG] SystemI::createSound                     : filename = FMOD Projects\Build\Desktop/Master.bank : mode 02010082
[LOG] SystemI::createSound                     : FMOD_NONBLOCKING specified.  Putting into queue to be opened asynchronously!
[LOG] SystemI::createSound                     : setdata soundi = 000001458752A578 : node = 0000014783605CD0
[LOG] SystemI::createSound                     : add node to async list : head = 00000145897F40A8.  list count = 0
[LOG] AsyncThread::threadFunc                  : Starting Asynchronous operation on sound 000001458752A578
[LOG] SystemI::createSoundInternal             :     Create name='FMOD Projects\Build\Desktop/Master.bank', mode=0x02010082
[LOG] SystemI::createSoundInternal             :     exinfo->cbsize             = 224
[LOG] SystemI::createSoundInternal             :     exinfo->length             = 7403936
[LOG] SystemI::createSoundInternal             :     exinfo->fileoffset         = 27392
[LOG] SystemI::createSoundInternal             :     exinfo->numsubsounds       = 1
[LOG] SystemI::createSoundInternal             :     exinfo->inclusionlist      = 0000014783605DE0
[LOG] SystemI::createSoundInternal             :     exinfo->inclusionlistnum   = 1
[LOG] SystemI::createSoundInternal             :     exinfo->suggestedsoundtype = 5
[LOG] SystemI::createSoundInternal             :     exinfo->initialseekpostype = 1
[LOG] SystemI::createSoundInternal             :     Stream 0/1: name='smartsound_ABSTRACT_WIND_Soft_Interior_01 - Trimmed', format=2, channels=2, frequency=48000, lengthbytes=156672, lengthpcm=766817, pcmblocksize=0, loopstart=0, loopend=0, mode=0x00000000, channelmask=0x00000000, channelorder=0, peakvolume=0.181183.
[LOG] AsyncThread::threadFunc                  : Finished Asynchronous operation on sound 000001458752A578
[LOG] SoundI::getSubSound                      : sound 000001458752A578.  Subsound index 0 / 1
[LOG] SoundI::release                          : smartsound_ABSTRACT_WIND_Soft_Interior_01 - Trimmed (000001458752A068)
[LOG] SoundI::release                          :     smartsound_ABSTRACT_WIND_Soft_Interior_01 - Trimmed (00000145897F45D8)
[LOG] SoundI::release                          :     smartsound_ABSTRACT_WIND_Soft_Interior_01 - Trimmed (000001458752A218)
[LOG] SystemI::createSound                     : filename = FMOD Projects\Build\Desktop/Master.bank : mode 02010082
[LOG] SystemI::createSound                     : FMOD_NONBLOCKING specified.  Putting into queue to be opened asynchronously!
[LOG] SystemI::createSound                     : setdata soundi = 0000014783FEEA78 : node = 0000014783607490
[LOG] SystemI::createSound                     : add node to async list : head = 00000145897F40A8.  list count = 0
[LOG] AsyncThread::threadFunc                  : Starting Asynchronous operation on sound 0000014783FEEA78
[LOG] SystemI::createSoundInternal             :     Create name='FMOD Projects\Build\Desktop/Master.bank', mode=0x02010082
[LOG] SystemI::createSoundInternal             :     exinfo->cbsize             = 224
[LOG] SystemI::createSoundInternal             :     exinfo->length             = 7403936
[LOG] SystemI::createSoundInternal             :     exinfo->fileoffset         = 27392
[LOG] SystemI::createSoundInternal             :     exinfo->numsubsounds       = 1
[LOG] SystemI::createSoundInternal             :     exinfo->inclusionlist      = 00000147836075A0
[LOG] SystemI::createSoundInternal             :     exinfo->inclusionlistnum   = 1
[LOG] SystemI::createSoundInternal             :     exinfo->suggestedsoundtype = 5
[LOG] SystemI::createSoundInternal             :     exinfo->initialseekpostype = 1
[LOG] SystemI::createSoundInternal             :     Stream 0/1: name='smartsound_ABSTRACT_WIND_Soft_Interior_01 - Trimmed', format=2, channels=2, frequency=48000, lengthbytes=156672, lengthpcm=766817, pcmblocksize=0, loopstart=0, loopend=0, mode=0x00000000, channelmask=0x00000000, channelorder=0, peakvolume=0.181183.
[LOG] AsyncThread::threadFunc                  : Finished Asynchronous operation on sound 0000014783FEEA78
[LOG] SoundI::getSubSound                      : sound 0000014783FEEA78.  Subsound index 0 / 1
[LOG] SoundI::release                          : smartsound_ABSTRACT_WIND_Soft_Interior_01 - Trimmed (000001458752A578)
[LOG] SoundI::release                          :     smartsound_ABSTRACT_WIND_Soft_Interior_01 - Trimmed (00000145897F52D8)
[LOG] SoundI::release                          :     smartsound_ABSTRACT_WIND_Soft_Interior_01 - Trimmed (0000014783FEF9A8)
[LOG] Thread::callback                         : FMOD Studio bank load thread finished.
[LOG] Thread::callback                         : FMOD Studio sample load thread finished.
[LOG] LiveUpdate::release                      : 
[LOG] LiveUpdate::reset                        : Reset connection (reason Disconnected)
[LOG] Thread::callback                         : FMOD stream thread finished.
[LOG] Thread::callback                         : FMOD mixer thread finished.
[LOG] SystemI::close                           : Closed.
[LOG] SoundI::release                          : smartsound_ABSTRACT_WIND_Soft_Interior_01 - Trimmed (0000014783FEEA78)
[LOG] SoundI::release                          :     smartsound_ABSTRACT_WIND_Soft_Interior_01 - Trimmed (00000145897F3A78)
[LOG] SoundI::release                          :     smartsound_ABSTRACT_WIND_Soft_Interior_01 - Trimmed (0000014783FEE208)
[LOG] SoundI::release                          : 000zapsplat_brisbane_cbd_queen_street_mall_people_city_all_clock_tower_stikes_15_mins (000001458C025AC8)
[LOG] SoundI::release                          :     000zapsplat_brisbane_cbd_queen_street_mall_people_city_all_clock_tower_stikes_15_mins (00000145897F5958)
[LOG] SoundI::release                          :     000zapsplat_brisbane_cbd_queen_street_mall_people_city_all_clock_tower_stikes_15_mins (0000014587529EB8)
[LOG] SoundI::release                          : zapsplat_transportation_traffic_pass_close_main_road_town_centre_uk (000001458C025408)
[LOG] SoundI::release                          :     zapsplat_transportation_traffic_pass_close_main_road_town_centre_uk (00000145897F5C98)
[LOG] SoundI::release                          :     zapsplat_transportation_traffic_pass_close_main_road_town_centre_uk (000001458752A3C8)
[LOG] Thread::callback                         : FMOD Studio update thread finished.
[LOG] Thread::callback                         : FMOD Studio bank load thread finished.
[LOG] Profile::disconnectAll                   : Profiler disconnecting all clients
[LOG] Thread::callback                         : FMOD Studio sample load thread finished.
[LOG] LiveUpdate::release                      : 
[LOG] LiveUpdate::reset                        : Reset connection (reason Disconnected)
[LOG] Thread::callback                         : FMOD stream thread finished.
[LOG] Thread::callback                         : FMOD mixer thread finished.
[LOG] Profile::disconnectAll                   : Profiler disconnecting all clients
[LOG] Thread::callback                         : FMOD nonblocking thread (0) finished.
[LOG] Thread::callback                         : FMOD file thread finished.
[LOG] SystemI::close                           : Closed.
